Started GET "/" for 127.0.0.1 at 2020-12-10 20:13:24 +0000
Processing by Rails::WelcomeController#index as HTML
  Rendering /home/graham/.rbenv/versions/2.5.5/lib/ruby/gems/2.5.0/gems/railties-5.2.4.4/lib/rails/templates/rails/welcome/index.html.erb
  Rendered /home/graham/.rbenv/versions/2.5.5/lib/ruby/gems/2.5.0/gems/railties-5.2.4.4/lib/rails/templates/rails/welcome/index.html.erb (1.5ms)
Completed 200 OK in 6ms (Views: 3.1ms | ActiveRecord: 0.0ms)


Started GET "/articles" for 127.0.0.1 at 2020-12-10 20:18:20 +0000
Processing by ArticlesController#index as HTML
  Rendering articles/index.html.erb within layouts/application
  Rendered articles/index.html.erb within layouts/application (0.3ms)
Completed 200 OK in 289ms (Views: 288.3ms | ActiveRecord: 0.0ms)


Started GET "/articles" for 127.0.0.1 at 2020-12-10 20:19:23 +0000
Processing by ArticlesController#index as HTML
  Rendering articles/index.html.erb within layouts/application
  Rendered articles/index.html.erb within layouts/application (0.7ms)
Completed 200 OK in 32ms (Views: 29.8ms | ActiveRecord: 0.0ms)


Started GET "/articles" for 127.0.0.1 at 2020-12-10 20:19:35 +0000
Processing by ArticlesController#index as HTML
  Rendering articles/index.html.erb within layouts/application
  Rendered articles/index.html.erb within layouts/application (0.6ms)
Completed 200 OK in 38ms (Views: 35.5ms | ActiveRecord: 0.0ms)


Started GET "/" for 127.0.0.1 at 2020-12-10 20:20:02 +0000
Processing by ArticlesController#index as HTML
  Rendering articles/index.html.erb within layouts/application
  Rendered articles/index.html.erb within layouts/application (0.1ms)
Completed 200 OK in 13ms (Views: 12.2ms | ActiveRecord: 0.0ms)


Started GET "/" for 127.0.0.1 at 2020-12-10 20:50:39 +0000
  
ActiveRecord::PendingMigrationError (

Migrations are pending. To resolve this issue, run:

        bin/rails db:migrate RAILS_ENV=development

):
  
activerecord (5.2.4.4) lib/active_record/migration.rb:579:in `check_pending!'
activerecord (5.2.4.4) lib/active_record/migration.rb:556:in `call'
actionpack (5.2.4.4) lib/action_dispatch/middleware/callbacks.rb:28:in `block in call'
activesupport (5.2.4.4) lib/active_support/callbacks.rb:98:in `run_callbacks'
actionpack (5.2.4.4) lib/action_dispatch/middleware/callbacks.rb:26:in `call'
actionpack (5.2.4.4) lib/action_dispatch/middleware/executor.rb:14:in `call'
actionpack (5.2.4.4) lib/action_dispatch/middleware/debug_exceptions.rb:61:in `call'
web-console (3.7.0) lib/web_console/middleware.rb:135:in `call_app'
web-console (3.7.0) lib/web_console/middleware.rb:30:in `block in call'
web-console (3.7.0) lib/web_console/middleware.rb:20:in `catch'
web-console (3.7.0) lib/web_console/middleware.rb:20:in `call'
actionpack (5.2.4.4) lib/action_dispatch/middleware/show_exceptions.rb:33:in `call'
railties (5.2.4.4) lib/rails/rack/logger.rb:38:in `call_app'
railties (5.2.4.4) lib/rails/rack/logger.rb:26:in `block in call'
activesupport (5.2.4.4) lib/active_support/tagged_logging.rb:71:in `block in tagged'
activesupport (5.2.4.4) lib/active_support/tagged_logging.rb:28:in `tagged'
activesupport (5.2.4.4) lib/active_support/tagged_logging.rb:71:in `tagged'
railties (5.2.4.4) lib/rails/rack/logger.rb:26:in `call'
sprockets-rails (3.2.2) lib/sprockets/rails/quiet_assets.rb:13:in `call'
actionpack (5.2.4.4) lib/action_dispatch/middleware/remote_ip.rb:81:in `call'
actionpack (5.2.4.4) lib/action_dispatch/middleware/request_id.rb:27:in `call'
rack (2.2.3) lib/rack/method_override.rb:24:in `call'
rack (2.2.3) lib/rack/runtime.rb:22:in `call'
activesupport (5.2.4.4) lib/active_support/cache/strategy/local_cache_middleware.rb:29:in `call'
actionpack (5.2.4.4) lib/action_dispatch/middleware/executor.rb:14:in `call'
actionpack (5.2.4.4) lib/action_dispatch/middleware/static.rb:127:in `call'
rack (2.2.3) lib/rack/sendfile.rb:110:in `call'
railties (5.2.4.4) lib/rails/engine.rb:524:in `call'
puma (3.12.6) lib/puma/configuration.rb:227:in `call'
puma (3.12.6) lib/puma/server.rb:706:in `handle_request'
puma (3.12.6) lib/puma/server.rb:476:in `process_client'
puma (3.12.6) lib/puma/server.rb:334:in `block in run'
puma (3.12.6) lib/puma/thread_pool.rb:135:in `block in spawn_thread'
  [1m[35m (0.0ms)[0m  [1m[34mSELECT sqlite_version(*)[0m
  ↳ bin/rails:9
  [1m[35m (121.1ms)[0m  [1m[35mCREATE TABLE "schema_migrations" ("version" varchar NOT NULL PRIMARY KEY)[0m
  ↳ bin/rails:9
  [1m[35m (132.1ms)[0m  [1m[35mCREATE TABLE "ar_internal_metadata" ("key" varchar NOT NULL PRIMARY KEY, "value" varchar, "created_at" datetime NOT NULL, "updated_at" datetime NOT NULL)[0m
  ↳ bin/rails:9
  [1m[35m (0.3ms)[0m  [1m[34mSELECT "schema_migrations"."version" FROM "schema_migrations" ORDER BY "schema_migrations"."version" ASC[0m
  ↳ bin/rails:9
Migrating to CreateArticles (20201210202246)
  [1m[35m (0.1ms)[0m  [1m[36mbegin transaction[0m
  ↳ bin/rails:9
  [1m[35m (0.7ms)[0m  [1m[35mCREATE TABLE "articles" ("id" integer PRIMARY KEY AUTOINCREMENT NOT NULL, "title" varchar, "body" text, "created_at" datetime NOT NULL, "updated_at" datetime NOT NULL)[0m
  ↳ db/migrate/20201210202246_create_articles.rb:3
  [1m[36mActiveRecord::SchemaMigration Create (0.3ms)[0m  [1m[32mINSERT INTO "schema_migrations" ("version") VALUES (?)[0m  [["version", "20201210202246"]]
  ↳ bin/rails:9
  [1m[35m (126.3ms)[0m  [1m[36mcommit transaction[0m
  ↳ bin/rails:9
  [1m[36mActiveRecord::InternalMetadata Load (0.4ms)[0m  [1m[34mSELECT  "ar_internal_metadata".* FROM "ar_internal_metadata" WHERE "ar_internal_metadata"."key" = ? LIMIT ?[0m  [["key", "environment"], ["LIMIT", 1]]
  ↳ bin/rails:9
  [1m[35m (0.1ms)[0m  [1m[36mbegin transaction[0m
  ↳ bin/rails:9
  [1m[36mActiveRecord::InternalMetadata Create (0.5ms)[0m  [1m[32mINSERT INTO "ar_internal_metadata" ("key", "value", "created_at", "updated_at") VALUES (?, ?, ?, ?)[0m  [["key", "environment"], ["value", "development"], ["created_at", "2020-12-10 20:57:20.080395"], ["updated_at", "2020-12-10 20:57:20.080395"]]
  ↳ bin/rails:9
  [1m[35m (107.4ms)[0m  [1m[36mcommit transaction[0m
  ↳ bin/rails:9
  [1m[35m (0.3ms)[0m  [1m[34mSELECT "schema_migrations"."version" FROM "schema_migrations" ORDER BY "schema_migrations"."version" ASC[0m
  ↳ bin/rails:9
  [1m[35m (0.2ms)[0m  [1m[36mbegin transaction[0m
  [1m[36mArticle Create (0.3ms)[0m  [1m[32mINSERT INTO "articles" ("title", "body", "created_at", "updated_at") VALUES (?, ?, ?, ?)[0m  [["title", "Hello Rails"], ["body", "I am on Rails!"], ["created_at", "2020-12-10 20:59:01.392172"], ["updated_at", "2020-12-10 20:59:01.392172"]]
  [1m[35m (139.4ms)[0m  [1m[36mcommit transaction[0m
  [1m[36mArticle Load (0.1ms)[0m  [1m[34mSELECT  "articles".* FROM "articles" WHERE "articles"."id" = ? LIMIT ?[0m  [["id", 1], ["LIMIT", 1]]
  [1m[36mArticle Load (0.4ms)[0m  [1m[34mSELECT  "articles".* FROM "articles" LIMIT ?[0m  [["LIMIT", 11]]
Started GET "/" for 127.0.0.1 at 2020-12-10 21:01:47 +0000
  [1m[35m (0.1ms)[0m  [1m[34mSELECT "schema_migrations"."version" FROM "schema_migrations" ORDER BY "schema_migrations"."version" ASC[0m
  ↳ /home/graham/.rbenv/versions/2.5.5/lib/ruby/gems/2.5.0/gems/activerecord-5.2.4.4/lib/active_record/log_subscriber.rb:98
Processing by ArticlesController#index as HTML
  Rendering articles/index.html.erb within layouts/application
  [1m[36mArticle Load (0.1ms)[0m  [1m[34mSELECT "articles".* FROM "articles"[0m
  ↳ app/views/articles/index.html.erb:3
  Rendered articles/index.html.erb within layouts/application (5.5ms)
Completed 200 OK in 21ms (Views: 18.5ms | ActiveRecord: 0.6ms)


Started GET "/articles/index" for 127.0.0.1 at 2020-12-10 21:02:37 +0000
  
ActionController::RoutingError (No route matches [GET] "/articles/index"):
  
actionpack (5.2.4.4) lib/action_dispatch/middleware/debug_exceptions.rb:65:in `call'
web-console (3.7.0) lib/web_console/middleware.rb:135:in `call_app'
web-console (3.7.0) lib/web_console/middleware.rb:30:in `block in call'
web-console (3.7.0) lib/web_console/middleware.rb:20:in `catch'
web-console (3.7.0) lib/web_console/middleware.rb:20:in `call'
actionpack (5.2.4.4) lib/action_dispatch/middleware/show_exceptions.rb:33:in `call'
railties (5.2.4.4) lib/rails/rack/logger.rb:38:in `call_app'
railties (5.2.4.4) lib/rails/rack/logger.rb:26:in `block in call'
activesupport (5.2.4.4) lib/active_support/tagged_logging.rb:71:in `block in tagged'
activesupport (5.2.4.4) lib/active_support/tagged_logging.rb:28:in `tagged'
activesupport (5.2.4.4) lib/active_support/tagged_logging.rb:71:in `tagged'
railties (5.2.4.4) lib/rails/rack/logger.rb:26:in `call'
sprockets-rails (3.2.2) lib/sprockets/rails/quiet_assets.rb:13:in `call'
actionpack (5.2.4.4) lib/action_dispatch/middleware/remote_ip.rb:81:in `call'
actionpack (5.2.4.4) lib/action_dispatch/middleware/request_id.rb:27:in `call'
rack (2.2.3) lib/rack/method_override.rb:24:in `call'
rack (2.2.3) lib/rack/runtime.rb:22:in `call'
activesupport (5.2.4.4) lib/active_support/cache/strategy/local_cache_middleware.rb:29:in `call'
actionpack (5.2.4.4) lib/action_dispatch/middleware/executor.rb:14:in `call'
actionpack (5.2.4.4) lib/action_dispatch/middleware/static.rb:127:in `call'
rack (2.2.3) lib/rack/sendfile.rb:110:in `call'
railties (5.2.4.4) lib/rails/engine.rb:524:in `call'
puma (3.12.6) lib/puma/configuration.rb:227:in `call'
puma (3.12.6) lib/puma/server.rb:706:in `handle_request'
puma (3.12.6) lib/puma/server.rb:476:in `process_client'
puma (3.12.6) lib/puma/server.rb:334:in `block in run'
puma (3.12.6) lib/puma/thread_pool.rb:135:in `block in spawn_thread'
Started GET "/" for 127.0.0.1 at 2020-12-10 21:02:54 +0000
Processing by ArticlesController#index as HTML
  Rendering articles/index.html.erb within layouts/application
  [1m[36mArticle Load (0.2ms)[0m  [1m[34mSELECT "articles".* FROM "articles"[0m
  ↳ app/views/articles/index.html.erb:3
  Rendered articles/index.html.erb within layouts/application (1.4ms)
Completed 200 OK in 16ms (Views: 14.0ms | ActiveRecord: 0.2ms)


Started GET "/" for 127.0.0.1 at 2020-12-10 21:03:46 +0000
Processing by ArticlesController#index as HTML
  Rendering articles/index.html.erb within layouts/application
  [1m[36mArticle Load (0.1ms)[0m  [1m[34mSELECT "articles".* FROM "articles"[0m
  ↳ app/views/articles/index.html.erb:3
  Rendered articles/index.html.erb within layouts/application (0.7ms)
Completed 200 OK in 9ms (Views: 8.8ms | ActiveRecord: 0.1ms)


Started GET "/" for 127.0.0.1 at 2020-12-10 23:08:46 +0000
Processing by ArticlesController#index as HTML
  Rendering articles/index.html.erb within layouts/application
  [1m[36mArticle Load (0.1ms)[0m  [1m[34mSELECT "articles".* FROM "articles"[0m
  ↳ app/views/articles/index.html.erb:3
  Rendered articles/index.html.erb within layouts/application (0.8ms)
Completed 200 OK in 11ms (Views: 9.9ms | ActiveRecord: 0.1ms)


Started GET "/1" for 127.0.0.1 at 2020-12-10 23:13:43 +0000
  
ActionController::RoutingError (No route matches [GET] "/1"):
  
actionpack (5.2.4.4) lib/action_dispatch/middleware/debug_exceptions.rb:65:in `call'
web-console (3.7.0) lib/web_console/middleware.rb:135:in `call_app'
web-console (3.7.0) lib/web_console/middleware.rb:30:in `block in call'
web-console (3.7.0) lib/web_console/middleware.rb:20:in `catch'
web-console (3.7.0) lib/web_console/middleware.rb:20:in `call'
actionpack (5.2.4.4) lib/action_dispatch/middleware/show_exceptions.rb:33:in `call'
railties (5.2.4.4) lib/rails/rack/logger.rb:38:in `call_app'
railties (5.2.4.4) lib/rails/rack/logger.rb:26:in `block in call'
activesupport (5.2.4.4) lib/active_support/tagged_logging.rb:71:in `block in tagged'
activesupport (5.2.4.4) lib/active_support/tagged_logging.rb:28:in `tagged'
activesupport (5.2.4.4) lib/active_support/tagged_logging.rb:71:in `tagged'
railties (5.2.4.4) lib/rails/rack/logger.rb:26:in `call'
sprockets-rails (3.2.2) lib/sprockets/rails/quiet_assets.rb:13:in `call'
actionpack (5.2.4.4) lib/action_dispatch/middleware/remote_ip.rb:81:in `call'
actionpack (5.2.4.4) lib/action_dispatch/middleware/request_id.rb:27:in `call'
rack (2.2.3) lib/rack/method_override.rb:24:in `call'
rack (2.2.3) lib/rack/runtime.rb:22:in `call'
activesupport (5.2.4.4) lib/active_support/cache/strategy/local_cache_middleware.rb:29:in `call'
actionpack (5.2.4.4) lib/action_dispatch/middleware/executor.rb:14:in `call'
actionpack (5.2.4.4) lib/action_dispatch/middleware/static.rb:127:in `call'
rack (2.2.3) lib/rack/sendfile.rb:110:in `call'
railties (5.2.4.4) lib/rails/engine.rb:524:in `call'
puma (3.12.6) lib/puma/configuration.rb:227:in `call'
puma (3.12.6) lib/puma/server.rb:706:in `handle_request'
puma (3.12.6) lib/puma/server.rb:476:in `process_client'
puma (3.12.6) lib/puma/server.rb:334:in `block in run'
puma (3.12.6) lib/puma/thread_pool.rb:135:in `block in spawn_thread'
Started GET "/articles/1" for 127.0.0.1 at 2020-12-10 23:13:56 +0000
Processing by ArticlesController#show as HTML
  Parameters: {"id"=>"1"}
  [1m[36mArticle Load (0.2ms)[0m  [1m[34mSELECT  "articles".* FROM "articles" WHERE "articles"."id" = ? LIMIT ?[0m  [["id", 1], ["LIMIT", 1]]
  ↳ app/controllers/articles_controller.rb:7
  Rendering articles/show.html.erb within layouts/application
  Rendered articles/show.html.erb within layouts/application (0.3ms)
Completed 200 OK in 18ms (Views: 9.1ms | ActiveRecord: 0.7ms)


Started GET "/" for 127.0.0.1 at 2020-12-10 23:16:02 +0000
Processing by ArticlesController#index as HTML
  Rendering articles/index.html.erb within layouts/application
  [1m[36mArticle Load (0.3ms)[0m  [1m[34mSELECT "articles".* FROM "articles"[0m
  ↳ app/views/articles/index.html.erb:4
  Rendered articles/index.html.erb within layouts/application (1.8ms)
Completed 200 OK in 22ms (Views: 19.8ms | ActiveRecord: 0.3ms)


Started GET "/articles/1" for 127.0.0.1 at 2020-12-10 23:16:04 +0000
Processing by ArticlesController#show as HTML
  Parameters: {"id"=>"1"}
  [1m[36mArticle Load (0.2ms)[0m  [1m[34mSELECT  "articles".* FROM "articles" WHERE "articles"."id" = ? LIMIT ?[0m  [["id", 1], ["LIMIT", 1]]
  ↳ app/controllers/articles_controller.rb:7
  Rendering articles/show.html.erb within layouts/application
  Rendered articles/show.html.erb within layouts/application (0.4ms)
Completed 200 OK in 15ms (Views: 13.3ms | ActiveRecord: 0.2ms)


Started GET "/" for 127.0.0.1 at 2020-12-10 23:17:20 +0000
Processing by ArticlesController#index as HTML
  Rendering articles/index.html.erb within layouts/application
  [1m[36mArticle Load (0.2ms)[0m  [1m[34mSELECT "articles".* FROM "articles"[0m
  ↳ app/views/articles/index.html.erb:4
  Rendered articles/index.html.erb within layouts/application (2.1ms)
Completed 200 OK in 33ms (Views: 30.7ms | ActiveRecord: 0.2ms)


Started GET "/" for 127.0.0.1 at 2020-12-10 23:17:22 +0000
Processing by ArticlesController#index as HTML
  Rendering articles/index.html.erb within layouts/application
  [1m[36mArticle Load (0.5ms)[0m  [1m[34mSELECT "articles".* FROM "articles"[0m
  ↳ app/views/articles/index.html.erb:4
  Rendered articles/index.html.erb within layouts/application (2.5ms)
Completed 200 OK in 34ms (Views: 31.9ms | ActiveRecord: 0.5ms)


  [1m[35m (0.1ms)[0m  [1m[36mbegin transaction[0m
  [1m[36mArticle Create (0.6ms)[0m  [1m[32mINSERT INTO "articles" ("title", "body", "created_at", "updated_at") VALUES (?, ?, ?, ?)[0m  [["title", "New Entry"], ["body", "This is the second blog entry"], ["created_at", "2020-12-10 23:17:30.879122"], ["updated_at", "2020-12-10 23:17:30.879122"]]
  [1m[35m (112.7ms)[0m  [1m[36mcommit transaction[0m
  [1m[36mArticle Load (0.3ms)[0m  [1m[34mSELECT  "articles".* FROM "articles" WHERE "articles"."id" = ? LIMIT ?[0m  [["id", 2], ["LIMIT", 1]]
Started GET "/" for 127.0.0.1 at 2020-12-10 23:17:39 +0000
Processing by ArticlesController#index as HTML
  Rendering articles/index.html.erb within layouts/application
  [1m[36mArticle Load (0.2ms)[0m  [1m[34mSELECT "articles".* FROM "articles"[0m
  ↳ app/views/articles/index.html.erb:4
  Rendered articles/index.html.erb within layouts/application (1.2ms)
Completed 200 OK in 13ms (Views: 12.1ms | ActiveRecord: 0.2ms)


Started GET "/articles/2" for 127.0.0.1 at 2020-12-10 23:17:40 +0000
Processing by ArticlesController#show as HTML
  Parameters: {"id"=>"2"}
  [1m[36mArticle Load (0.4ms)[0m  [1m[34mSELECT  "articles".* FROM "articles" WHERE "articles"."id" = ? LIMIT ?[0m  [["id", 2], ["LIMIT", 1]]
  ↳ app/controllers/articles_controller.rb:7
  Rendering articles/show.html.erb within layouts/application
  Rendered articles/show.html.erb within layouts/application (0.9ms)
Completed 200 OK in 32ms (Views: 28.8ms | ActiveRecord: 0.4ms)


Started GET "/" for 127.0.0.1 at 2020-12-10 23:20:41 +0000
Processing by ArticlesController#index as HTML
  Rendering articles/index.html.erb within layouts/application
  [1m[36mArticle Load (0.2ms)[0m  [1m[34mSELECT "articles".* FROM "articles"[0m
  ↳ app/views/articles/index.html.erb:4
  Rendered articles/index.html.erb within layouts/application (4.1ms)
Completed 200 OK in 15ms (Views: 12.7ms | ActiveRecord: 0.6ms)


Started GET "/articles/1" for 127.0.0.1 at 2020-12-10 23:20:42 +0000
Processing by ArticlesController#show as HTML
  Parameters: {"id"=>"1"}
  [1m[36mArticle Load (0.4ms)[0m  [1m[34mSELECT  "articles".* FROM "articles" WHERE "articles"."id" = ? LIMIT ?[0m  [["id", 1], ["LIMIT", 1]]
  ↳ app/controllers/articles_controller.rb:7
  Rendering articles/show.html.erb within layouts/application
  Rendered articles/show.html.erb within layouts/application (0.8ms)
Completed 200 OK in 33ms (Views: 28.5ms | ActiveRecord: 0.4ms)


Started GET "/articles/2" for 127.0.0.1 at 2020-12-10 23:20:44 +0000
Processing by ArticlesController#show as HTML
  Parameters: {"id"=>"2"}
  [1m[36mArticle Load (0.2ms)[0m  [1m[34mSELECT  "articles".* FROM "articles" WHERE "articles"."id" = ? LIMIT ?[0m  [["id", 2], ["LIMIT", 1]]
  ↳ app/controllers/articles_controller.rb:7
  Rendering articles/show.html.erb within layouts/application
  Rendered articles/show.html.erb within layouts/application (0.6ms)
Completed 200 OK in 25ms (Views: 23.0ms | ActiveRecord: 0.2ms)


Started GET "/" for 127.0.0.1 at 2020-12-11 09:21:46 +0000
  [1m[35m (0.1ms)[0m  [1m[34mSELECT "schema_migrations"."version" FROM "schema_migrations" ORDER BY "schema_migrations"."version" ASC[0m
  ↳ /home/graham/.rbenv/versions/2.5.5/lib/ruby/gems/2.5.0/gems/activerecord-5.2.4.4/lib/active_record/log_subscriber.rb:98
Processing by ArticlesController#index as HTML
  Rendering articles/index.html.erb within layouts/application
  [1m[36mArticle Load (0.2ms)[0m  [1m[34mSELECT "articles".* FROM "articles"[0m
  ↳ app/views/articles/index.html.erb:4
  Rendered articles/index.html.erb within layouts/application (6.9ms)
Completed 200 OK in 199ms (Views: 179.5ms | ActiveRecord: 0.6ms)


Started GET "/articles/2" for 127.0.0.1 at 2020-12-11 09:21:49 +0000
Processing by ArticlesController#show as HTML
  Parameters: {"id"=>"2"}
  [1m[36mArticle Load (0.3ms)[0m  [1m[34mSELECT  "articles".* FROM "articles" WHERE "articles"."id" = ? LIMIT ?[0m  [["id", 2], ["LIMIT", 1]]
  ↳ app/controllers/articles_controller.rb:7
  Rendering articles/show.html.erb within layouts/application
  Rendered articles/show.html.erb within layouts/application (0.5ms)
Completed 200 OK in 50ms (Views: 18.0ms | ActiveRecord: 0.3ms)


Started GET "/" for 127.0.0.1 at 2020-12-11 09:28:56 +0000
Processing by ArticlesController#index as HTML
  Rendering articles/index.html.erb within layouts/application
  [1m[36mArticle Load (0.1ms)[0m  [1m[34mSELECT "articles".* FROM "articles"[0m
  ↳ app/views/articles/index.html.erb:4
  Rendered articles/index.html.erb within layouts/application (5.0ms)
Completed 200 OK in 17ms (Views: 14.8ms | ActiveRecord: 0.5ms)


Started GET "/new" for 127.0.0.1 at 2020-12-11 09:29:00 +0000
  
ActionController::RoutingError (No route matches [GET] "/new"):
  
actionpack (5.2.4.4) lib/action_dispatch/middleware/debug_exceptions.rb:65:in `call'
web-console (3.7.0) lib/web_console/middleware.rb:135:in `call_app'
web-console (3.7.0) lib/web_console/middleware.rb:30:in `block in call'
web-console (3.7.0) lib/web_console/middleware.rb:20:in `catch'
web-console (3.7.0) lib/web_console/middleware.rb:20:in `call'
actionpack (5.2.4.4) lib/action_dispatch/middleware/show_exceptions.rb:33:in `call'
railties (5.2.4.4) lib/rails/rack/logger.rb:38:in `call_app'
railties (5.2.4.4) lib/rails/rack/logger.rb:26:in `block in call'
activesupport (5.2.4.4) lib/active_support/tagged_logging.rb:71:in `block in tagged'
activesupport (5.2.4.4) lib/active_support/tagged_logging.rb:28:in `tagged'
activesupport (5.2.4.4) lib/active_support/tagged_logging.rb:71:in `tagged'
railties (5.2.4.4) lib/rails/rack/logger.rb:26:in `call'
sprockets-rails (3.2.2) lib/sprockets/rails/quiet_assets.rb:13:in `call'
actionpack (5.2.4.4) lib/action_dispatch/middleware/remote_ip.rb:81:in `call'
actionpack (5.2.4.4) lib/action_dispatch/middleware/request_id.rb:27:in `call'
rack (2.2.3) lib/rack/method_override.rb:24:in `call'
rack (2.2.3) lib/rack/runtime.rb:22:in `call'
activesupport (5.2.4.4) lib/active_support/cache/strategy/local_cache_middleware.rb:29:in `call'
actionpack (5.2.4.4) lib/action_dispatch/middleware/executor.rb:14:in `call'
actionpack (5.2.4.4) lib/action_dispatch/middleware/static.rb:127:in `call'
rack (2.2.3) lib/rack/sendfile.rb:110:in `call'
railties (5.2.4.4) lib/rails/engine.rb:524:in `call'
puma (3.12.6) lib/puma/configuration.rb:227:in `call'
puma (3.12.6) lib/puma/server.rb:706:in `handle_request'
puma (3.12.6) lib/puma/server.rb:476:in `process_client'
puma (3.12.6) lib/puma/server.rb:334:in `block in run'
puma (3.12.6) lib/puma/thread_pool.rb:135:in `block in spawn_thread'
Started GET "/" for 127.0.0.1 at 2020-12-11 09:29:15 +0000
Processing by ArticlesController#index as HTML
  Rendering articles/index.html.erb within layouts/application
  [1m[36mArticle Load (0.1ms)[0m  [1m[34mSELECT "articles".* FROM "articles"[0m
  ↳ app/views/articles/index.html.erb:4
  Rendered articles/index.html.erb within layouts/application (1.1ms)
Completed 200 OK in 16ms (Views: 14.4ms | ActiveRecord: 0.1ms)


Started GET "/articles/new" for 127.0.0.1 at 2020-12-11 09:31:40 +0000
Processing by ArticlesController#new as HTML
  Rendering articles/new.html.erb within layouts/application
  Rendered articles/new.html.erb within layouts/application (81.8ms)
Completed 200 OK in 112ms (Views: 107.5ms | ActiveRecord: 0.4ms)


Started POST "/articles" for 127.0.0.1 at 2020-12-11 10:06:42 +0000
Processing by ArticlesController#create as JS
  Parameters: {"utf8"=>"✓", "authenticity_token"=>"SlFq9pop9npdvIFBAFQZHunBdFaaEnyTFUkTk73zgKRr5LJj/dvdRG6SUFqNXvH0uwRkcpmzu9Fj+GwZe/6VNQ==", "article"=>{"title"=>"CRUD Entry", "body"=>"Filling out the DB!!!"}, "commit"=>"Create Article"}
  [1m[35m (0.0ms)[0m  [1m[36mbegin transaction[0m
  ↳ app/controllers/articles_controller.rb:17
  [1m[35m (0.0ms)[0m  [1m[31mrollback transaction[0m
  ↳ app/controllers/articles_controller.rb:17
  Rendering articles/new.html.erb within layouts/application
  Rendered articles/new.html.erb within layouts/application (1.5ms)
Completed 200 OK in 17ms (Views: 11.1ms | ActiveRecord: 0.4ms)


Started POST "/articles" for 127.0.0.1 at 2020-12-11 10:06:45 +0000
Processing by ArticlesController#create as JS
  Parameters: {"utf8"=>"✓", "authenticity_token"=>"SlFq9pop9npdvIFBAFQZHunBdFaaEnyTFUkTk73zgKRr5LJj/dvdRG6SUFqNXvH0uwRkcpmzu9Fj+GwZe/6VNQ==", "article"=>{"title"=>"CRUD Entry", "body"=>"Filling out the DB!!!"}, "commit"=>"Create Article"}
  [1m[35m (0.0ms)[0m  [1m[36mbegin transaction[0m
  ↳ app/controllers/articles_controller.rb:17
  [1m[35m (0.0ms)[0m  [1m[31mrollback transaction[0m
  ↳ app/controllers/articles_controller.rb:17
  Rendering articles/new.html.erb within layouts/application
  Rendered articles/new.html.erb within layouts/application (1.1ms)
Completed 200 OK in 12ms (Views: 11.0ms | ActiveRecord: 0.1ms)


Started GET "/" for 127.0.0.1 at 2020-12-11 10:06:51 +0000
Processing by ArticlesController#index as HTML
  Rendering articles/index.html.erb within layouts/application
  [1m[36mArticle Load (0.1ms)[0m  [1m[34mSELECT "articles".* FROM "articles"[0m
  ↳ app/views/articles/index.html.erb:4
  Rendered articles/index.html.erb within layouts/application (0.8ms)
Completed 200 OK in 16ms (Views: 13.4ms | ActiveRecord: 0.1ms)


Started GET "/" for 127.0.0.1 at 2020-12-11 10:28:21 +0000
Processing by ArticlesController#index as HTML
  Rendering articles/index.html.erb within layouts/application
  [1m[36mArticle Load (0.3ms)[0m  [1m[34mSELECT "articles".* FROM "articles"[0m
  ↳ app/views/articles/index.html.erb:4
  Rendered articles/index.html.erb within layouts/application (3.0ms)
Completed 200 OK in 26ms (Views: 24.0ms | ActiveRecord: 0.3ms)


Started GET "/" for 127.0.0.1 at 2020-12-11 10:39:00 +0000
Processing by ArticlesController#index as HTML
  Rendering articles/index.html.erb within layouts/application
  [1m[36mArticle Load (0.5ms)[0m  [1m[34mSELECT "articles".* FROM "articles"[0m
  ↳ app/views/articles/index.html.erb:4
  Rendered articles/index.html.erb within layouts/application (3.2ms)
Completed 200 OK in 31ms (Views: 28.6ms | ActiveRecord: 0.5ms)


Started GET "/articles/new" for 127.0.0.1 at 2020-12-11 10:39:06 +0000
Processing by ArticlesController#new as HTML
  Rendering articles/new.html.erb within layouts/application
  Rendered articles/new.html.erb within layouts/application (2.1ms)
Completed 500 Internal Server Error in 4ms (ActiveRecord: 0.0ms)


  
ActionView::Template::Error (Missing partial articles/_form, application/_form with {:locale=>[:en], :formats=>[:html], :variants=>[], :handlers=>[:raw, :erb, :html, :builder, :ruby, :coffee, :jbuilder]}. Searched in:
  * "/home/graham/blog/app/views"
):
    1: <h1>New Article</h1>
    2: 
    3: <%= render "form", article: @article %>
  
app/views/articles/new.html.erb:3:in `_app_views_articles_new_html_erb___4281562969003631376_69904865295700'
Started GET "/" for 127.0.0.1 at 2020-12-11 10:40:25 +0000
Processing by ArticlesController#index as HTML
  Rendering articles/index.html.erb within layouts/application
  [1m[36mArticle Load (0.2ms)[0m  [1m[34mSELECT "articles".* FROM "articles"[0m
  ↳ app/views/articles/index.html.erb:4
  Rendered articles/index.html.erb within layouts/application (1.9ms)
Completed 200 OK in 20ms (Views: 18.4ms | ActiveRecord: 0.2ms)


Started GET "/articles/1/edit" for 127.0.0.1 at 2020-12-11 10:42:29 +0000
Processing by ArticlesController#edit as HTML
  Parameters: {"id"=>"1"}
  Rendering articles/edit.html.erb within layouts/application
  Rendered articles/edit.html.erb within layouts/application (2.5ms)
Completed 500 Internal Server Error in 6ms (ActiveRecord: 0.0ms)


  
ActionView::Template::Error (Missing partial articles/_form, application/_form with {:locale=>[:en], :formats=>[:html], :variants=>[], :handlers=>[:raw, :erb, :html, :builder, :ruby, :coffee, :jbuilder]}. Searched in:
  * "/home/graham/blog/app/views"
):
    1: <h1>Edit Article</h1>
    2: 
    3: <%= render "form", article: @article %>
  
app/views/articles/edit.html.erb:3:in `_app_views_articles_edit_html_erb__1649472827727619477_69904869411920'
Started GET "/" for 127.0.0.1 at 2020-12-11 10:43:47 +0000
Processing by ArticlesController#index as HTML
  Rendering articles/index.html.erb within layouts/application
  [1m[36mArticle Load (0.2ms)[0m  [1m[34mSELECT "articles".* FROM "articles"[0m
  ↳ app/views/articles/index.html.erb:4
  Rendered articles/index.html.erb within layouts/application (5.0ms)
Completed 200 OK in 16ms (Views: 13.1ms | ActiveRecord: 0.6ms)


Started GET "/articles/1/edit" for 127.0.0.1 at 2020-12-11 10:44:18 +0000
Processing by ArticlesController#edit as HTML
  Parameters: {"id"=>"1"}
  [1m[36mArticle Load (0.1ms)[0m  [1m[34mSELECT  "articles".* FROM "articles" WHERE "articles"."id" = ? LIMIT ?[0m  [["id", 1], ["LIMIT", 1]]
  ↳ app/controllers/articles_controller.rb:25
  Rendering articles/edit.html.erb within layouts/application
  Rendered articles/edit.html.erb within layouts/application (1.1ms)
Completed 500 Internal Server Error in 3ms (ActiveRecord: 0.1ms)


  
ActionView::Template::Error (Missing partial articles/_form, application/_form with {:locale=>[:en], :formats=>[:html], :variants=>[], :handlers=>[:raw, :erb, :html, :builder, :ruby, :coffee, :jbuilder]}. Searched in:
  * "/home/graham/blog/app/views"
):
    1: <h1>Edit Article</h1>
    2: 
    3: <%= render "form", article: @article %>
  
app/views/articles/edit.html.erb:3:in `_app_views_articles_edit_html_erb__1649472827727619477_47225051739100'
Started GET "/articles/1/edit" for 127.0.0.1 at 2020-12-11 10:46:03 +0000
Processing by ArticlesController#edit as HTML
  Parameters: {"id"=>"1"}
  [1m[36mArticle Load (0.1ms)[0m  [1m[34mSELECT  "articles".* FROM "articles" WHERE "articles"."id" = ? LIMIT ?[0m  [["id", 1], ["LIMIT", 1]]
  ↳ app/controllers/articles_controller.rb:25
  Rendering articles/edit.html.erb within layouts/application
  Rendered articles/_form.html.erb (1.7ms)
  Rendered articles/edit.html.erb within layouts/application (2.4ms)
Completed 200 OK in 14ms (Views: 12.6ms | ActiveRecord: 0.1ms)


Started GET "/" for 127.0.0.1 at 2020-12-11 10:48:23 +0000
Processing by ArticlesController#index as HTML
  Rendering articles/index.html.erb within layouts/application
  [1m[36mArticle Load (0.3ms)[0m  [1m[34mSELECT "articles".* FROM "articles"[0m
  ↳ app/views/articles/index.html.erb:4
  Rendered articles/index.html.erb within layouts/application (2.2ms)
Completed 200 OK in 25ms (Views: 23.8ms | ActiveRecord: 0.3ms)


Started GET "/articles/new" for 127.0.0.1 at 2020-12-11 10:48:24 +0000
Processing by ArticlesController#new as HTML
  Rendering articles/new.html.erb within layouts/application
  Rendered articles/_form.html.erb (3.3ms)
  Rendered articles/new.html.erb within layouts/application (4.8ms)
Completed 200 OK in 22ms (Views: 20.6ms | ActiveRecord: 0.0ms)


Started GET "/articles/new" for 127.0.0.1 at 2020-12-11 10:51:16 +0000
Processing by ArticlesController#new as HTML
  Rendering articles/new.html.erb within layouts/application
  Rendered articles/_form.html.erb (2.5ms)
  Rendered articles/new.html.erb within layouts/application (3.7ms)
Completed 200 OK in 19ms (Views: 17.8ms | ActiveRecord: 0.0ms)


Started GET "/" for 127.0.0.1 at 2020-12-11 10:51:34 +0000
  [1m[35m (0.1ms)[0m  [1m[34mSELECT "schema_migrations"."version" FROM "schema_migrations" ORDER BY "schema_migrations"."version" ASC[0m
  ↳ /home/graham/.rbenv/versions/2.5.5/lib/ruby/gems/2.5.0/gems/activerecord-5.2.4.4/lib/active_record/log_subscriber.rb:98
Processing by ArticlesController#index as HTML
  Rendering articles/index.html.erb within layouts/application
  [1m[36mArticle Load (0.1ms)[0m  [1m[34mSELECT "articles".* FROM "articles"[0m
  ↳ app/views/articles/index.html.erb:4
  Rendered articles/index.html.erb within layouts/application (4.3ms)
Completed 200 OK in 93ms (Views: 89.1ms | ActiveRecord: 0.4ms)


Started GET "/articles/new" for 127.0.0.1 at 2020-12-11 10:51:38 +0000
Processing by ArticlesController#new as HTML
  Rendering articles/new.html.erb within layouts/application
  Rendered articles/_form.html.erb (14.3ms)
  Rendered articles/new.html.erb within layouts/application (16.1ms)
Completed 200 OK in 33ms (Views: 30.8ms | ActiveRecord: 0.0ms)


Started GET "/articles/new" for 127.0.0.1 at 2020-12-11 10:53:05 +0000
Processing by ArticlesController#new as HTML
  Rendering articles/new.html.erb within layouts/application
  Rendered articles/_form.html.erb (3.2ms)
  Rendered articles/new.html.erb within layouts/application (4.7ms)
Completed 200 OK in 35ms (Views: 33.8ms | ActiveRecord: 0.0ms)


Started GET "/articles/new" for 127.0.0.1 at 2020-12-11 10:57:08 +0000
Processing by ArticlesController#new as HTML
  Rendering articles/new.html.erb within layouts/application
  Rendered articles/_form.html.erb (1.6ms)
  Rendered articles/new.html.erb within layouts/application (2.2ms)
Completed 200 OK in 21ms (Views: 14.5ms | ActiveRecord: 0.6ms)


Started GET "/articles/new" for 127.0.0.1 at 2020-12-11 10:57:09 +0000
Processing by ArticlesController#new as HTML
  Rendering articles/new.html.erb within layouts/application
  Rendered articles/_form.html.erb (1.7ms)
  Rendered articles/new.html.erb within layouts/application (2.4ms)
Completed 200 OK in 18ms (Views: 17.5ms | ActiveRecord: 0.0ms)


Started GET "/articles/new" for 127.0.0.1 at 2020-12-11 10:57:23 +0000
Processing by ArticlesController#new as HTML
  Rendering articles/new.html.erb within layouts/application
  Rendered articles/_form.html.erb (1.4ms)
  Rendered articles/new.html.erb within layouts/application (1.9ms)
Completed 200 OK in 14ms (Views: 9.4ms | ActiveRecord: 0.4ms)


Started GET "/articles/new" for 127.0.0.1 at 2020-12-11 10:59:31 +0000
Processing by ArticlesController#new as HTML
  Rendering articles/new.html.erb within layouts/application
  Rendered articles/_form.html.erb (2.2ms)
  Rendered articles/new.html.erb within layouts/application (2.9ms)
Completed 200 OK in 20ms (Views: 12.2ms | ActiveRecord: 0.6ms)


Started GET "/articles/new" for 127.0.0.1 at 2020-12-11 10:59:47 +0000
Processing by ArticlesController#new as HTML
  Rendering articles/new.html.erb within layouts/application
  Rendered articles/_form.html.erb (4.5ms)
  Rendered articles/new.html.erb within layouts/application (6.4ms)
Completed 200 OK in 31ms (Views: 28.3ms | ActiveRecord: 0.0ms)


Started GET "/articles/new" for 127.0.0.1 at 2020-12-11 11:00:02 +0000
Processing by ArticlesController#new as HTML
  Rendering articles/new.html.erb within layouts/application
  Rendered articles/_form.html.erb (1.8ms)
  Rendered articles/new.html.erb within layouts/application (2.5ms)
Completed 200 OK in 12ms (Views: 11.3ms | ActiveRecord: 0.0ms)


Started POST "/articles" for 127.0.0.1 at 2020-12-11 11:00:07 +0000
Processing by ArticlesController#create as JS
  Parameters: {"utf8"=>"✓", "authenticity_token"=>"hf48HgVRmHoBfYyXK+HAVmqOS0rRiB65utlLXkMSqQOkS+SLYqOzRDJTXYym6yi8OEtbbtIp2fvMaDTUhR+8kg==", "article"=>{"title"=>"", "body"=>""}, "commit"=>"Create Article"}
  [1m[35m (0.0ms)[0m  [1m[36mbegin transaction[0m
  ↳ app/controllers/articles_controller.rb:17
  [1m[35m (0.0ms)[0m  [1m[31mrollback transaction[0m
  ↳ app/controllers/articles_controller.rb:17
  Rendering articles/new.html.erb within layouts/application
  Rendered articles/_form.html.erb (2.1ms)
  Rendered articles/new.html.erb within layouts/application (4.6ms)
Completed 200 OK in 17ms (Views: 14.2ms | ActiveRecord: 0.1ms)


Started POST "/articles" for 127.0.0.1 at 2020-12-11 11:00:08 +0000
Processing by ArticlesController#create as JS
  Parameters: {"utf8"=>"✓", "authenticity_token"=>"hf48HgVRmHoBfYyXK+HAVmqOS0rRiB65utlLXkMSqQOkS+SLYqOzRDJTXYym6yi8OEtbbtIp2fvMaDTUhR+8kg==", "article"=>{"title"=>"", "body"=>""}, "commit"=>"Create Article"}
  [1m[35m (0.1ms)[0m  [1m[36mbegin transaction[0m
  ↳ app/controllers/articles_controller.rb:17
  [1m[35m (0.0ms)[0m  [1m[31mrollback transaction[0m
  ↳ app/controllers/articles_controller.rb:17
  Rendering articles/new.html.erb within layouts/application
  Rendered articles/_form.html.erb (1.4ms)
  Rendered articles/new.html.erb within layouts/application (3.5ms)
Completed 200 OK in 16ms (Views: 12.9ms | ActiveRecord: 0.1ms)


Started POST "/articles" for 127.0.0.1 at 2020-12-11 11:00:08 +0000
Processing by ArticlesController#create as JS
  Parameters: {"utf8"=>"✓", "authenticity_token"=>"hf48HgVRmHoBfYyXK+HAVmqOS0rRiB65utlLXkMSqQOkS+SLYqOzRDJTXYym6yi8OEtbbtIp2fvMaDTUhR+8kg==", "article"=>{"title"=>"", "body"=>""}, "commit"=>"Create Article"}
  [1m[35m (0.1ms)[0m  [1m[36mbegin transaction[0m
  ↳ app/controllers/articles_controller.rb:17
  [1m[35m (0.1ms)[0m  [1m[31mrollback transaction[0m
  ↳ app/controllers/articles_controller.rb:17
  Rendering articles/new.html.erb within layouts/application
  Rendered articles/_form.html.erb (5.6ms)
  Rendered articles/new.html.erb within layouts/application (14.6ms)
Completed 200 OK in 49ms (Views: 42.3ms | ActiveRecord: 0.2ms)


Started POST "/articles" for 127.0.0.1 at 2020-12-11 11:00:08 +0000
Processing by ArticlesController#create as JS
  Parameters: {"utf8"=>"✓", "authenticity_token"=>"hf48HgVRmHoBfYyXK+HAVmqOS0rRiB65utlLXkMSqQOkS+SLYqOzRDJTXYym6yi8OEtbbtIp2fvMaDTUhR+8kg==", "article"=>{"title"=>"", "body"=>""}, "commit"=>"Create Article"}
  [1m[35m (0.1ms)[0m  [1m[36mbegin transaction[0m
  ↳ app/controllers/articles_controller.rb:17
  [1m[35m (0.1ms)[0m  [1m[31mrollback transaction[0m
  ↳ app/controllers/articles_controller.rb:17
  Rendering articles/new.html.erb within layouts/application
  Rendered articles/_form.html.erb (3.9ms)
  Rendered articles/new.html.erb within layouts/application (12.0ms)
Completed 200 OK in 40ms (Views: 33.1ms | ActiveRecord: 0.2ms)


Started GET "/articles/new" for 127.0.0.1 at 2020-12-11 11:41:20 +0000
Processing by ArticlesController#new as HTML
  Rendering articles/new.html.erb within layouts/application
  Rendered articles/_form.html.erb (1.4ms)
  Rendered articles/new.html.erb within layouts/application (1.9ms)
Completed 200 OK in 10ms (Views: 9.0ms | ActiveRecord: 0.0ms)


Started GET "/" for 127.0.0.1 at 2020-12-11 11:42:11 +0000
Processing by ArticlesController#index as HTML
  Rendering articles/index.html.erb within layouts/application
  [1m[36mArticle Load (0.3ms)[0m  [1m[34mSELECT "articles".* FROM "articles"[0m
  ↳ app/views/articles/index.html.erb:4
  Rendered articles/index.html.erb within layouts/application (2.4ms)
Completed 200 OK in 18ms (Views: 15.6ms | ActiveRecord: 0.3ms)


Started GET "/articles/2" for 127.0.0.1 at 2020-12-11 11:42:13 +0000
Processing by ArticlesController#show as HTML
  Parameters: {"id"=>"2"}
  [1m[36mArticle Load (0.2ms)[0m  [1m[34mSELECT  "articles".* FROM "articles" WHERE "articles"."id" = ? LIMIT ?[0m  [["id", 2], ["LIMIT", 1]]
  ↳ app/controllers/articles_controller.rb:7
  Rendering articles/show.html.erb within layouts/application
  Rendered articles/show.html.erb within layouts/application (0.8ms)
Completed 200 OK in 30ms (Views: 16.8ms | ActiveRecord: 0.2ms)


Started GET "/articles/2/edit" for 127.0.0.1 at 2020-12-11 11:42:14 +0000
Processing by ArticlesController#edit as HTML
  Parameters: {"id"=>"2"}
  [1m[36mArticle Load (0.3ms)[0m  [1m[34mSELECT  "articles".* FROM "articles" WHERE "articles"."id" = ? LIMIT ?[0m  [["id", 2], ["LIMIT", 1]]
  ↳ app/controllers/articles_controller.rb:25
  Rendering articles/edit.html.erb within layouts/application
  Rendered articles/_form.html.erb (6.3ms)
  Rendered articles/edit.html.erb within layouts/application (8.2ms)
Completed 200 OK in 36ms (Views: 32.2ms | ActiveRecord: 0.3ms)


Started PATCH "/articles/2" for 127.0.0.1 at 2020-12-11 11:42:16 +0000
Processing by ArticlesController#update as JS
  Parameters: {"utf8"=>"✓", "authenticity_token"=>"WK2roozqfrZla+gbqTLhhER2dvuVf4GxTbwpY/p3R9ksU8ksn780E5M+3zLG+xM54U9A0x4aAZRDMPftE2oXaw==", "article"=>{"title"=>"New Entry", "body"=>"This is the second blog entry"}, "commit"=>"Update Article", "id"=>"2"}
  [1m[36mArticle Load (0.1ms)[0m  [1m[34mSELECT  "articles".* FROM "articles" WHERE "articles"."id" = ? LIMIT ?[0m  [["id", 2], ["LIMIT", 1]]
  ↳ app/controllers/articles_controller.rb:29
  [1m[35m (0.0ms)[0m  [1m[36mbegin transaction[0m
  ↳ app/controllers/articles_controller.rb:31
  [1m[35m (0.0ms)[0m  [1m[36mcommit transaction[0m
  ↳ app/controllers/articles_controller.rb:31
Redirected to http://localhost:3000/articles/2
Completed 200 OK in 3ms (ActiveRecord: 0.2ms)


Started GET "/articles/2" for 127.0.0.1 at 2020-12-11 11:42:16 +0000
Processing by ArticlesController#show as HTML
  Parameters: {"id"=>"2"}
  [1m[36mArticle Load (0.1ms)[0m  [1m[34mSELECT  "articles".* FROM "articles" WHERE "articles"."id" = ? LIMIT ?[0m  [["id", 2], ["LIMIT", 1]]
  ↳ app/controllers/articles_controller.rb:7
  Rendering articles/show.html.erb within layouts/application
  Rendered articles/show.html.erb within layouts/application (0.4ms)
Completed 200 OK in 11ms (Views: 9.3ms | ActiveRecord: 0.1ms)


Started GET "/articles/2" for 127.0.0.1 at 2020-12-11 11:42:18 +0000
Processing by ArticlesController#show as HTML
  Parameters: {"id"=>"2"}
  [1m[36mArticle Load (0.3ms)[0m  [1m[34mSELECT  "articles".* FROM "articles" WHERE "articles"."id" = ? LIMIT ?[0m  [["id", 2], ["LIMIT", 1]]
  ↳ app/controllers/articles_controller.rb:7
  Rendering articles/show.html.erb within layouts/application
  Rendered articles/show.html.erb within layouts/application (1.2ms)
Completed 200 OK in 24ms (Views: 19.9ms | ActiveRecord: 0.3ms)


Started GET "/" for 127.0.0.1 at 2020-12-11 11:42:20 +0000
Processing by ArticlesController#index as HTML
  Rendering articles/index.html.erb within layouts/application
  [1m[36mArticle Load (0.2ms)[0m  [1m[34mSELECT "articles".* FROM "articles"[0m
  ↳ app/views/articles/index.html.erb:4
  Rendered articles/index.html.erb within layouts/application (3.1ms)
Completed 200 OK in 33ms (Views: 30.6ms | ActiveRecord: 0.2ms)


Started GET "/articles/new" for 127.0.0.1 at 2020-12-11 11:42:21 +0000
Processing by ArticlesController#new as HTML
  Rendering articles/new.html.erb within layouts/application
  Rendered articles/_form.html.erb (6.1ms)
  Rendered articles/new.html.erb within layouts/application (8.3ms)
Completed 200 OK in 34ms (Views: 32.1ms | ActiveRecord: 0.0ms)


Started POST "/articles" for 127.0.0.1 at 2020-12-11 11:42:41 +0000
Processing by ArticlesController#create as JS
  Parameters: {"utf8"=>"✓", "authenticity_token"=>"JCclrPZqbjsbx81w4xcMec3udCuIwLROIbrAp3fbJSVVL2gpE1SfETcvHLx7dQleHzxY5ESoeuY9kt4YKqh+Xg==", "article"=>{"title"=>"Fourth Entry", "body"=>"This is the next article in a series."}, "commit"=>"Create Article"}
  [1m[35m (0.1ms)[0m  [1m[36mbegin transaction[0m
  ↳ app/controllers/articles_controller.rb:17
  [1m[36mArticle Create (0.6ms)[0m  [1m[32mINSERT INTO "articles" ("title", "body", "created_at", "updated_at") VALUES (?, ?, ?, ?)[0m  [["title", "Fourth Entry"], ["body", "This is the next article in a series."], ["created_at", "2020-12-11 11:42:41.582794"], ["updated_at", "2020-12-11 11:42:41.582794"]]
  ↳ app/controllers/articles_controller.rb:17
  [1m[35m (358.5ms)[0m  [1m[36mcommit transaction[0m
  ↳ app/controllers/articles_controller.rb:17
Redirected to http://localhost:3000/articles/3
Completed 200 OK in 366ms (ActiveRecord: 359.2ms)


Started GET "/articles/3" for 127.0.0.1 at 2020-12-11 11:42:41 +0000
Processing by ArticlesController#show as HTML
  Parameters: {"id"=>"3"}
  [1m[36mArticle Load (0.1ms)[0m  [1m[34mSELECT  "articles".* FROM "articles" WHERE "articles"."id" = ? LIMIT ?[0m  [["id", 3], ["LIMIT", 1]]
  ↳ app/controllers/articles_controller.rb:7
  Rendering articles/show.html.erb within layouts/application
  Rendered articles/show.html.erb within layouts/application (0.3ms)
Completed 200 OK in 9ms (Views: 7.7ms | ActiveRecord: 0.1ms)


Started GET "/" for 127.0.0.1 at 2020-12-11 11:42:44 +0000
Processing by ArticlesController#index as HTML
  Rendering articles/index.html.erb within layouts/application
  [1m[36mArticle Load (0.2ms)[0m  [1m[34mSELECT "articles".* FROM "articles"[0m
  ↳ app/views/articles/index.html.erb:4
  Rendered articles/index.html.erb within layouts/application (2.8ms)
Completed 200 OK in 31ms (Views: 29.3ms | ActiveRecord: 0.2ms)


Started GET "/articles/3" for 127.0.0.1 at 2020-12-11 11:46:22 +0000
Processing by ArticlesController#show as HTML
  Parameters: {"id"=>"3"}
  [1m[36mArticle Load (0.2ms)[0m  [1m[34mSELECT  "articles".* FROM "articles" WHERE "articles"."id" = ? LIMIT ?[0m  [["id", 3], ["LIMIT", 1]]
  ↳ app/controllers/articles_controller.rb:7
  Rendering articles/show.html.erb within layouts/application
  Rendered articles/show.html.erb within layouts/application (0.9ms)
Completed 200 OK in 26ms (Views: 23.8ms | ActiveRecord: 0.2ms)


Started GET "/articles/3/edit" for 127.0.0.1 at 2020-12-11 11:46:23 +0000
Processing by ArticlesController#edit as HTML
  Parameters: {"id"=>"3"}
  [1m[36mArticle Load (0.1ms)[0m  [1m[34mSELECT  "articles".* FROM "articles" WHERE "articles"."id" = ? LIMIT ?[0m  [["id", 3], ["LIMIT", 1]]
  ↳ app/controllers/articles_controller.rb:25
  Rendering articles/edit.html.erb within layouts/application
  Rendered articles/_form.html.erb (2.2ms)
  Rendered articles/edit.html.erb within layouts/application (3.1ms)
Completed 200 OK in 21ms (Views: 19.1ms | ActiveRecord: 0.1ms)


Started PATCH "/articles/3" for 127.0.0.1 at 2020-12-11 11:46:31 +0000
Processing by ArticlesController#update as JS
  Parameters: {"utf8"=>"✓", "authenticity_token"=>"zkS8PzO9v9PfFxhjh2MWshCawePlUm63xd8K3hFrHTZ9hkcfUf0t+Q/Y8XBaVX4PliMMXTL5BUrhRBuCqi3SXw==", "article"=>{"title"=>"Third Entry", "body"=>"This is the next article in a series."}, "commit"=>"Update Article", "id"=>"3"}
  [1m[36mArticle Load (0.3ms)[0m  [1m[34mSELECT  "articles".* FROM "articles" WHERE "articles"."id" = ? LIMIT ?[0m  [["id", 3], ["LIMIT", 1]]
  ↳ app/controllers/articles_controller.rb:29
  [1m[35m (0.2ms)[0m  [1m[36mbegin transaction[0m
  ↳ app/controllers/articles_controller.rb:31
  [1m[36mArticle Update (1.2ms)[0m  [1m[33mUPDATE "articles" SET "title" = ?, "updated_at" = ? WHERE "articles"."id" = ?[0m  [["title", "Third Entry"], ["updated_at", "2020-12-11 11:46:31.019072"], ["id", 3]]
  ↳ app/controllers/articles_controller.rb:31
  [1m[35m (249.8ms)[0m  [1m[36mcommit transaction[0m
  ↳ app/controllers/articles_controller.rb:31
Redirected to http://localhost:3000/articles/3
Completed 200 OK in 261ms (ActiveRecord: 251.4ms)


Started GET "/articles/3" for 127.0.0.1 at 2020-12-11 11:46:31 +0000
Processing by ArticlesController#show as HTML
  Parameters: {"id"=>"3"}
  [1m[36mArticle Load (0.1ms)[0m  [1m[34mSELECT  "articles".* FROM "articles" WHERE "articles"."id" = ? LIMIT ?[0m  [["id", 3], ["LIMIT", 1]]
  ↳ app/controllers/articles_controller.rb:7
  Rendering articles/show.html.erb within layouts/application
  Rendered articles/show.html.erb within layouts/application (0.9ms)
Completed 200 OK in 15ms (Views: 13.6ms | ActiveRecord: 0.1ms)


Started GET "/articles/3" for 127.0.0.1 at 2020-12-11 11:46:33 +0000
Processing by ArticlesController#show as HTML
  Parameters: {"id"=>"3"}
  [1m[36mArticle Load (0.2ms)[0m  [1m[34mSELECT  "articles".* FROM "articles" WHERE "articles"."id" = ? LIMIT ?[0m  [["id", 3], ["LIMIT", 1]]
  ↳ app/controllers/articles_controller.rb:7
  Rendering articles/show.html.erb within layouts/application
  Rendered articles/show.html.erb within layouts/application (1.0ms)
Completed 200 OK in 23ms (Views: 19.9ms | ActiveRecord: 0.2ms)


Started GET "/articles/3/edit" for 127.0.0.1 at 2020-12-11 11:46:35 +0000
Processing by ArticlesController#edit as HTML
  Parameters: {"id"=>"3"}
  [1m[36mArticle Load (0.2ms)[0m  [1m[34mSELECT  "articles".* FROM "articles" WHERE "articles"."id" = ? LIMIT ?[0m  [["id", 3], ["LIMIT", 1]]
  ↳ app/controllers/articles_controller.rb:25
  Rendering articles/edit.html.erb within layouts/application
  Rendered articles/_form.html.erb (4.4ms)
  Rendered articles/edit.html.erb within layouts/application (5.9ms)
Completed 200 OK in 27ms (Views: 24.2ms | ActiveRecord: 0.2ms)


Started PATCH "/articles/3" for 127.0.0.1 at 2020-12-11 11:46:39 +0000
Processing by ArticlesController#update as JS
  Parameters: {"utf8"=>"✓", "authenticity_token"=>"Wh5H00ndp9HMTL6fCkXl/K7MUYuvcbFPBbpy1b3IMHTp3LzzK501+xyDV4zXc41BKHWcNXja2rIhIWOJBo7/HQ==", "article"=>{"title"=>"", "body"=>"This is the next article in a series."}, "commit"=>"Update Article", "id"=>"3"}
  [1m[36mArticle Load (0.3ms)[0m  [1m[34mSELECT  "articles".* FROM "articles" WHERE "articles"."id" = ? LIMIT ?[0m  [["id", 3], ["LIMIT", 1]]
  ↳ app/controllers/articles_controller.rb:29
  [1m[35m (0.1ms)[0m  [1m[36mbegin transaction[0m
  ↳ app/controllers/articles_controller.rb:31
  [1m[35m (0.1ms)[0m  [1m[31mrollback transaction[0m
  ↳ app/controllers/articles_controller.rb:31
  Rendering articles/edit.html.erb within layouts/application
  Rendered articles/_form.html.erb (2.4ms)
  Rendered articles/edit.html.erb within layouts/application (7.2ms)
Completed 200 OK in 36ms (Views: 29.5ms | ActiveRecord: 0.5ms)


Started PATCH "/articles/3" for 127.0.0.1 at 2020-12-11 11:46:41 +0000
Processing by ArticlesController#update as JS
  Parameters: {"utf8"=>"✓", "authenticity_token"=>"Wh5H00ndp9HMTL6fCkXl/K7MUYuvcbFPBbpy1b3IMHTp3LzzK501+xyDV4zXc41BKHWcNXja2rIhIWOJBo7/HQ==", "article"=>{"title"=>"", "body"=>"This is the next article in a series."}, "commit"=>"Update Article", "id"=>"3"}
  [1m[36mArticle Load (0.1ms)[0m  [1m[34mSELECT  "articles".* FROM "articles" WHERE "articles"."id" = ? LIMIT ?[0m  [["id", 3], ["LIMIT", 1]]
  ↳ app/controllers/articles_controller.rb:29
  [1m[35m (0.0ms)[0m  [1m[36mbegin transaction[0m
  ↳ app/controllers/articles_controller.rb:31
  [1m[35m (0.0ms)[0m  [1m[31mrollback transaction[0m
  ↳ app/controllers/articles_controller.rb:31
  Rendering articles/edit.html.erb within layouts/application
  Rendered articles/_form.html.erb (2.3ms)
  Rendered articles/edit.html.erb within layouts/application (5.5ms)
Completed 200 OK in 21ms (Views: 18.2ms | ActiveRecord: 0.2ms)


Started PATCH "/articles/3" for 127.0.0.1 at 2020-12-11 11:46:50 +0000
Processing by ArticlesController#update as JS
  Parameters: {"utf8"=>"✓", "authenticity_token"=>"Wh5H00ndp9HMTL6fCkXl/K7MUYuvcbFPBbpy1b3IMHTp3LzzK501+xyDV4zXc41BKHWcNXja2rIhIWOJBo7/HQ==", "article"=>{"title"=>"", "body"=>"This is the next article in a series."}, "commit"=>"Update Article", "id"=>"3"}
  [1m[36mArticle Load (0.2ms)[0m  [1m[34mSELECT  "articles".* FROM "articles" WHERE "articles"."id" = ? LIMIT ?[0m  [["id", 3], ["LIMIT", 1]]
  ↳ app/controllers/articles_controller.rb:29
  [1m[35m (0.1ms)[0m  [1m[36mbegin transaction[0m
  ↳ app/controllers/articles_controller.rb:31
  [1m[35m (0.1ms)[0m  [1m[31mrollback transaction[0m
  ↳ app/controllers/articles_controller.rb:31
  Rendering articles/edit.html.erb within layouts/application
  Rendered articles/_form.html.erb (3.0ms)
  Rendered articles/edit.html.erb within layouts/application (10.2ms)
Completed 200 OK in 35ms (Views: 29.2ms | ActiveRecord: 0.4ms)


Started PATCH "/articles/3" for 127.0.0.1 at 2020-12-11 11:46:55 +0000
Processing by ArticlesController#update as JS
  Parameters: {"utf8"=>"✓", "authenticity_token"=>"Wh5H00ndp9HMTL6fCkXl/K7MUYuvcbFPBbpy1b3IMHTp3LzzK501+xyDV4zXc41BKHWcNXja2rIhIWOJBo7/HQ==", "article"=>{"title"=>"Third Entry", "body"=>"This is the next article in a series."}, "commit"=>"Update Article", "id"=>"3"}
  [1m[36mArticle Load (0.2ms)[0m  [1m[34mSELECT  "articles".* FROM "articles" WHERE "articles"."id" = ? LIMIT ?[0m  [["id", 3], ["LIMIT", 1]]
  ↳ app/controllers/articles_controller.rb:29
  [1m[35m (0.1ms)[0m  [1m[36mbegin transaction[0m
  ↳ app/controllers/articles_controller.rb:31
  [1m[35m (0.0ms)[0m  [1m[36mcommit transaction[0m
  ↳ app/controllers/articles_controller.rb:31
Redirected to http://localhost:3000/articles/3
Completed 200 OK in 4ms (ActiveRecord: 0.3ms)


Started GET "/articles/3" for 127.0.0.1 at 2020-12-11 11:46:55 +0000
Processing by ArticlesController#show as HTML
  Parameters: {"id"=>"3"}
  [1m[36mArticle Load (0.1ms)[0m  [1m[34mSELECT  "articles".* FROM "articles" WHERE "articles"."id" = ? LIMIT ?[0m  [["id", 3], ["LIMIT", 1]]
  ↳ app/controllers/articles_controller.rb:7
  Rendering articles/show.html.erb within layouts/application
  Rendered articles/show.html.erb within layouts/application (0.7ms)
Completed 200 OK in 14ms (Views: 12.4ms | ActiveRecord: 0.1ms)


Started GET "/articles/3" for 127.0.0.1 at 2020-12-11 11:47:44 +0000
Processing by ArticlesController#show as HTML
  Parameters: {"id"=>"3"}
  [1m[36mArticle Load (0.2ms)[0m  [1m[34mSELECT  "articles".* FROM "articles" WHERE "articles"."id" = ? LIMIT ?[0m  [["id", 3], ["LIMIT", 1]]
  ↳ app/controllers/articles_controller.rb:7
  Rendering articles/show.html.erb within layouts/application
  Rendered articles/show.html.erb within layouts/application (0.8ms)
Completed 200 OK in 23ms (Views: 19.4ms | ActiveRecord: 0.2ms)


Started GET "/" for 127.0.0.1 at 2020-12-11 11:47:46 +0000
Processing by ArticlesController#index as HTML
  Rendering articles/index.html.erb within layouts/application
  [1m[36mArticle Load (0.2ms)[0m  [1m[34mSELECT "articles".* FROM "articles"[0m
  ↳ app/views/articles/index.html.erb:4
  Rendered articles/index.html.erb within layouts/application (1.7ms)
Completed 200 OK in 19ms (Views: 17.0ms | ActiveRecord: 0.2ms)


Started GET "/articles/3" for 127.0.0.1 at 2020-12-11 18:02:18 +0000
  [1m[35m (0.1ms)[0m  [1m[34mSELECT "schema_migrations"."version" FROM "schema_migrations" ORDER BY "schema_migrations"."version" ASC[0m
  ↳ /home/graham/.rbenv/versions/2.5.5/lib/ruby/gems/2.5.0/gems/activerecord-5.2.4.4/lib/active_record/log_subscriber.rb:98
Processing by ArticlesController#show as HTML
  Parameters: {"id"=>"3"}
  [1m[36mArticle Load (0.1ms)[0m  [1m[34mSELECT  "articles".* FROM "articles" WHERE "articles"."id" = ? LIMIT ?[0m  [["id", 3], ["LIMIT", 1]]
  ↳ app/controllers/articles_controller.rb:7
  Rendering articles/show.html.erb within layouts/application
  Rendered articles/show.html.erb within layouts/application (0.5ms)
Completed 200 OK in 94ms (Views: 85.7ms | ActiveRecord: 0.4ms)


Started GET "/" for 127.0.0.1 at 2020-12-11 18:02:24 +0000
Processing by ArticlesController#index as HTML
  Rendering articles/index.html.erb within layouts/application
  [1m[36mArticle Load (0.4ms)[0m  [1m[34mSELECT "articles".* FROM "articles"[0m
  ↳ app/views/articles/index.html.erb:4
  Rendered articles/index.html.erb within layouts/application (3.7ms)
Completed 200 OK in 48ms (Views: 44.4ms | ActiveRecord: 0.4ms)


Started GET "/articles/1" for 127.0.0.1 at 2020-12-11 18:04:53 +0000
Processing by ArticlesController#show as HTML
  Parameters: {"id"=>"1"}
  [1m[36mArticle Load (0.6ms)[0m  [1m[34mSELECT  "articles".* FROM "articles" WHERE "articles"."id" = ? LIMIT ?[0m  [["id", 1], ["LIMIT", 1]]
  ↳ app/controllers/articles_controller.rb:7
  Rendering articles/show.html.erb within layouts/application
  Rendered articles/show.html.erb within layouts/application (1.3ms)
Completed 200 OK in 28ms (Views: 23.2ms | ActiveRecord: 0.6ms)


Started GET "/articles/1" for 127.0.0.1 at 2020-12-11 18:05:07 +0000
Processing by ArticlesController#show as HTML
  Parameters: {"id"=>"1"}
  [1m[36mArticle Load (0.1ms)[0m  [1m[34mSELECT  "articles".* FROM "articles" WHERE "articles"."id" = ? LIMIT ?[0m  [["id", 1], ["LIMIT", 1]]
  ↳ app/controllers/articles_controller.rb:7
  Rendering articles/show.html.erb within layouts/application
  Rendered articles/show.html.erb within layouts/application (0.7ms)
Completed 200 OK in 16ms (Views: 14.7ms | ActiveRecord: 0.1ms)


